# JRE version: Java(TM) SE Runtime Environment (8.0_77-b03) (build 1.8.0_77-b03)
# Java VM: Java HotSpot(TM) 64-Bit Server VM (25.77-b03 mixed mode windows-amd64 compressed oops)
Heap:
 PSYoungGen      total 484864K, used 35032K [0x00000000e0000000, 0x00000000ffd80000, 0x0000000100000000)
  eden space 450048K, 5% used [0x00000000e0000000,0x00000000e188c510,0x00000000fb780000)
  from space 34816K, 28% used [0x00000000fdb80000,0x00000000fe529e30,0x00000000ffd80000)
  to   space 35840K, 0% used [0x00000000fb780000,0x00000000fb780000,0x00000000fda80000)
 ParOldGen       total 148480K, used 66418K [0x00000000a0000000, 0x00000000a9100000, 0x00000000e0000000)
  object space 148480K, 44% used [0x00000000a0000000,0x00000000a40dca60,0x00000000a9100000)
 Metaspace       used 90635K, capacity 93882K, committed 94168K, reserved 1132544K
  class space    used 11048K, capacity 11571K, committed 11736K, reserved 1048576K
GC Heap History (10 events):
Event: 4223.794 GC heap before
{Heap before GC invocations=39 (full 7):
 PSYoungGen      total 391168K, used 365592K [0x00000000e0000000, 0x00000000fed00000, 0x0000000100000000)
  eden space 350720K, 100% used [0x00000000e0000000,0x00000000f5680000,0x00000000f5680000)
  from space 40448K, 36% used [0x00000000f5680000,0x00000000f6506078,0x00000000f7e00000)
  to   space 39424K, 0% used [0x00000000fc680000,0x00000000fc680000,0x00000000fed00000)
 ParOldGen       total 148480K, used 46769K [0x00000000a0000000, 0x00000000a9100000, 0x00000000e0000000)
  object space 148480K, 31% used [0x00000000a0000000,0x00000000a2dac430,0x00000000a9100000)
 Metaspace       used 88824K, capacity 92086K, committed 92632K, reserved 1130496K
  class space    used 10968K, capacity 11512K, committed 11736K, reserved 1048576K
Event: 4223.857 GC heap after
Heap after GC invocations=39 (full 7):
 PSYoungGen      total 453120K, used 26014K [0x00000000e0000000, 0x00000000fe780000, 0x0000000100000000)
  eden space 419328K, 0% used [0x00000000e0000000,0x00000000e0000000,0x00000000f9980000)
  from space 33792K, 76% used [0x00000000fc680000,0x00000000fdfe7ae8,0x00000000fe780000)
  to   space 39936K, 0% used [0x00000000f9980000,0x00000000f9980000,0x00000000fc080000)
 ParOldGen       total 148480K, used 51469K [0x00000000a0000000, 0x00000000a9100000, 0x00000000e0000000)
  object space 148480K, 34% used [0x00000000a0000000,0x00000000a3243620,0x00000000a9100000)
 Metaspace       used 88824K, capacity 92086K, committed 92632K, reserved 1130496K
  class space    used 10968K, capacity 11512K, committed 11736K, reserved 1048576K
}
Event: 4228.270 GC heap before
{Heap before GC invocations=40 (full 7):
 PSYoungGen      total 453120K, used 443641K [0x00000000e0000000, 0x00000000fe780000, 0x0000000100000000)
  eden space 419328K, 99% used [0x00000000e0000000,0x00000000f97d6bc8,0x00000000f9980000)
  from space 33792K, 76% used [0x00000000fc680000,0x00000000fdfe7ae8,0x00000000fe780000)
  to   space 39936K, 0% used [0x00000000f9980000,0x00000000f9980000,0x00000000fc080000)
 ParOldGen       total 148480K, used 51469K [0x00000000a0000000, 0x00000000a9100000, 0x00000000e0000000)
  object space 148480K, 34% used [0x00000000a0000000,0x00000000a3243620,0x00000000a9100000)
 Metaspace       used 89067K, capacity 92380K, committed 92888K, reserved 1130496K
  class space    used 10978K, capacity 11519K, committed 11736K, reserved 1048576K
Event: 4228.324 GC heap after
Heap after GC invocations=40 (full 7):
 PSYoungGen      total 459264K, used 13654K [0x00000000e0000000, 0x0000000100000000, 0x0000000100000000)
  eden space 419328K, 0% used [0x00000000e0000000,0x00000000e0000000,0x00000000f9980000)
  from space 39936K, 34% used [0x00000000f9980000,0x00000000fa6d5bd8,0x00000000fc080000)
  to   space 38912K, 0% used [0x00000000fda00000,0x00000000fda00000,0x0000000100000000)
 ParOldGen       total 148480K, used 57203K [0x00000000a0000000, 0x00000000a9100000, 0x00000000e0000000)
  object space 148480K, 38% used [0x00000000a0000000,0x00000000a37dcff0,0x00000000a9100000)
 Metaspace       used 89067K, capacity 92380K, committed 92888K, reserved 1130496K
  class space    used 10978K, capacity 11519K, committed 11736K, reserved 1048576K
}
Event: 4229.464 GC heap before
{Heap before GC invocations=41 (full 7):
 PSYoungGen      total 459264K, used 432973K [0x00000000e0000000, 0x0000000100000000, 0x0000000100000000)
  eden space 419328K, 99% used [0x00000000e0000000,0x00000000f997dbe0,0x00000000f9980000)
  from space 39936K, 34% used [0x00000000f9980000,0x00000000fa6d5bd8,0x00000000fc080000)
  to   space 38912K, 0% used [0x00000000fda00000,0x00000000fda00000,0x0000000100000000)
 ParOldGen       total 148480K, used 57203K [0x00000000a0000000, 0x00000000a9100000, 0x00000000e0000000)
  object space 148480K, 38% used [0x00000000a0000000,0x00000000a37dcff0,0x00000000a9100000)
 Metaspace       used 89078K, capacity 92380K, committed 92888K, reserved 1130496K
  class space    used 10978K, capacity 11519K, committed 11736K, reserved 1048576K
Event: 4229.759 GC heap after
Heap after GC invocations=41 (full 7):
 PSYoungGen      total 481280K, used 14192K [0x00000000e0000000, 0x00000000ffd00000, 0x0000000100000000)
  eden space 445440K, 0% used [0x00000000e0000000,0x00000000e0000000,0x00000000fb300000)
  from space 35840K, 39% used [0x00000000fda00000,0x00000000fe7dc3f8,0x00000000ffd00000)
  to   space 37888K, 0% used [0x00000000fb300000,0x00000000fb300000,0x00000000fd800000)
 ParOldGen       total 148480K, used 60160K [0x00000000a0000000, 0x00000000a9100000, 0x00000000e0000000)
  object space 148480K, 40% used [0x00000000a0000000,0x00000000a3ac0368,0x00000000a9100000)
 Metaspace       used 89078K, capacity 92380K, committed 92888K, reserved 1130496K
  class space    used 10978K, capacity 11519K, committed 11736K, reserved 1048576K
}
Event: 4232.014 GC heap before
{Heap before GC invocations=42 (full 7):
 PSYoungGen      total 481280K, used 459632K [0x00000000e0000000, 0x00000000ffd00000, 0x0000000100000000)
  eden space 445440K, 100% used [0x00000000e0000000,0x00000000fb300000,0x00000000fb300000)
  from space 35840K, 39% used [0x00000000fda00000,0x00000000fe7dc3f8,0x00000000ffd00000)
  to   space 37888K, 0% used [0x00000000fb300000,0x00000000fb300000,0x00000000fd800000)
 ParOldGen       total 148480K, used 60160K [0x00000000a0000000, 0x00000000a9100000, 0x00000000e0000000)
  object space 148480K, 40% used [0x00000000a0000000,0x00000000a3ac0368,0x00000000a9100000)
 Metaspace       used 89188K, capacity 92444K, committed 92888K, reserved 1130496K
  class space    used 10982K, capacity 11519K, committed 11736K, reserved 1048576K
Event: 4232.075 GC heap after
Heap after GC invocations=42 (full 7):
 PSYoungGen      total 483328K, used 15779K [0x00000000e0000000, 0x00000000fff00000, 0x0000000100000000)
  eden space 445440K, 0% used [0x00000000e0000000,0x00000000e0000000,0x00000000fb300000)
  from space 37888K, 41% used [0x00000000fb300000,0x00000000fc268c58,0x00000000fd800000)
  to   space 36352K, 0% used [0x00000000fdb80000,0x00000000fdb80000,0x00000000fff00000)
 ParOldGen       total 148480K, used 66010K [0x00000000a0000000, 0x00000000a9100000, 0x00000000e0000000)
  object space 148480K, 44% used [0x00000000a0000000,0x00000000a4076a60,0x00000000a9100000)
 Metaspace       used 89188K, capacity 92444K, committed 92888K, reserved 1130496K
  class space    used 10982K, capacity 11519K, committed 11736K, reserved 1048576K
}
Event: 4237.107 GC heap before
{Heap before GC invocations=43 (full 7):
 PSYoungGen      total 483328K, used 461219K [0x00000000e0000000, 0x00000000fff00000, 0x0000000100000000)
  eden space 445440K, 100% used [0x00000000e0000000,0x00000000fb300000,0x00000000fb300000)
  from space 37888K, 41% used [0x00000000fb300000,0x00000000fc268c58,0x00000000fd800000)
  to   space 36352K, 0% used [0x00000000fdb80000,0x00000000fdb80000,0x00000000fff00000)
 ParOldGen       total 148480K, used 66010K [0x00000000a0000000, 0x00000000a9100000, 0x00000000e0000000)
  object space 148480K, 44% used [0x00000000a0000000,0x00000000a4076a60,0x00000000a9100000)
 Metaspace       used 90510K, capacity 93810K, committed 94168K, reserved 1132544K
  class space    used 11037K, capacity 11569K, committed 11736K, reserved 1048576K
Event: 4237.250 GC heap after
Heap after GC invocations=43 (full 7):
 PSYoungGen      total 484864K, used 9895K [0x00000000e0000000, 0x00000000ffd80000, 0x0000000100000000)
  eden space 450048K, 0% used [0x00000000e0000000,0x00000000e0000000,0x00000000fb780000)
  from space 34816K, 28% used [0x00000000fdb80000,0x00000000fe529e30,0x00000000ffd80000)
  to   space 35840K, 0% used [0x00000000fb780000,0x00000000fb780000,0x00000000fda80000)
 ParOldGen       total 148480K, used 66418K [0x00000000a0000000, 0x00000000a9100000, 0x00000000e0000000)
  object space 148480K, 44% used [0x00000000a0000000,0x00000000a40dca60,0x00000000a9100000)
 Metaspace       used 90510K, capacity 93810K, committed 94168K, reserved 1132544K
  class space    used 11037K, capacity 11569K, committed 11736K, reserved 1048576K
}

